2025-10-28 00:04:00, MOVE, v:1, k:poo@tamagotchi, mode:PICK
2025-10-28 00:04:00, EXEC, v:1, k:poo@tamagotchi, mode:FULL, rate:0, size:21
2025-10-28 00:04:00, MOVE, v:1, k:poo@tamagotchi, mode:BACK
2025-10-28 00:07:44, MOVE, v:1, k:poo@tamagotchi, mode:PICK
2025-10-28 00:07:45, EXEC, v:1, k:poo@tamagotchi, mode:FULL, rate:0
2025-10-28 00:07:45, MOVE, v:1, k:poo@tamagotchi, mode:BACK
2025-10-28 00:16:01, MOVE, v:1, k:poo@tamagotchi, mode:PICK
2025-10-28 00:16:01, EXEC, v:1, k:poo@tamagotchi, mode:FULL, rate:0, size:30
2025-10-28 00:16:01, MOVE, v:1, k:poo@tamagotchi, mode:BACK
2025-10-28 00:16:47, MOVE, v:1, k:poo@tamagotchi, mode:PICK
2025-10-28 00:16:47, EXEC, v:1, k:poo@tamagotchi, mode:FULL, rate:0, size:47
2025-10-28 00:16:48, MOVE, v:1, k:poo@tamagotchi, mode:BACK
2025-10-28 00:17:09, MOVE, v:1, k:poo@tamagotchi, mode:PICK
2025-10-28 00:17:10, EXEC, v:1, k:poo@tamagotchi, mode:FULL, rate:0, size:38
2025-10-28 00:17:10, MOVE, v:1, k:poo@tamagotchi, mode:BACK
2025-10-28 00:17:23, MOVE, v:1, k:poo@charger, mode:DOWN
2025-10-28 00:17:23, MOVE, v:1, k:poo@charger, mode:PICK
2025-10-28 00:18:08, EXEC, v:1, k:poo@charger, mode:FULL, rate:0, size:7
2025-10-28 00:18:09, MOVE, v:1, k:poo@charger, mode:BACK
2025-10-28 00:26:36, MOVE, v:1, k:poo@tamagotchi, mode:PICK
2025-10-28 00:26:37, EXEC, v:1, k:poo@tamagotchi, mode:FULL, rate:0, size:58
2025-10-28 00:26:37, MOVE, v:1, k:poo@tamagotchi, mode:BACK
2025-10-28 00:26:38, MOVE, v:1, k:poo@tamagotchi, mode:PICK
2025-10-28 00:26:39, EXEC, v:1, k:poo@tamagotchi, mode:FULL, rate:0
2025-10-28 00:26:39, MOVE, v:1, k:poo@tamagotchi, mode:BACK
2025-10-28 00:26:40, MOVE, v:1, k:poo@charger, mode:PICK
2025-10-28 00:26:41, EXEC, v:1, k:poo@charger, mode:FULL, rate:0
2025-10-28 00:26:41, MOVE, v:1, k:poo@charger, mode:BACK
2025-10-28 00:26:43, MOVE, v:1, k:poo@charger, mode:PICK
2025-10-28 00:26:44, EXEC, v:1, k:poo@charger, mode:FULL, rate:0
2025-10-28 00:26:44, MOVE, v:1, k:poo@charger, mode:BACK
2025-10-28 00:27:01, MOVE, v:1, k:poo@tamagotchi, mode:PICK
2025-10-28 00:27:02, EXEC, v:1, k:poo@tamagotchi, mode:FULL, rate:0, size:57
2025-10-28 00:27:02, MOVE, v:1, k:poo@tamagotchi, mode:BACK
2025-10-28 00:28:26, MOVE, v:1, k:poo@tamagotchi, mode:PICK
2025-10-28 00:28:26, EXEC, v:1, k:poo@tamagotchi, mode:FULL, rate:0, size:58
2025-10-28 00:28:27, MOVE, v:1, k:poo@tamagotchi, mode:BACK
2025-10-28 00:33:58, MOVE, v:1, k:poo@tamagotchi, mode:PICK
2025-10-28 00:33:58, EXEC, v:1, k:poo@tamagotchi, mode:FULL, rate:0
2025-10-28 00:33:58, MOVE, v:1, k:poo@tamagotchi, mode:BACK
2025-10-28 00:34:49, MOVE, v:1, k:poo@charger, mode:PICK
2025-10-28 00:34:49, MOVE, v:1, k:poo@charger, mode:BACK
2025-10-28 00:35:15, MOVE, v:1, k:poo@charger, mode:PICK
2025-10-28 00:35:15, EXEC, v:1, k:poo@charger, mode:FULL, rate:0
2025-10-28 00:35:16, MOVE, v:1, k:poo@charger, mode:BACK
2025-10-28 00:35:19, MOVE, v:1, k:poo@charger, mode:PICK
2025-10-28 00:35:20, EXEC, v:1, k:poo@charger, mode:FULL, rate:0
2025-10-28 00:35:20, MOVE, v:1, k:poo@charger, mode:BACK
2025-10-28 00:42:09, MOVE, v:1, k:poo@tamagotchi, mode:PICK
2025-10-28 00:42:09, EXEC, v:1, k:poo@tamagotchi, mode:FULL, rate:0, size:90
2025-10-28 00:42:10, MOVE, v:1, k:poo@tamagotchi, mode:BACK
2025-10-28 00:42:12, MOVE, v:1, k:poo@tamagotchi, mode:PICK
2025-10-28 00:42:12, EXEC, v:1, k:poo@tamagotchi, mode:FULL, rate:0
2025-10-28 00:42:13, MOVE, v:1, k:poo@tamagotchi, mode:BACK
2025-10-28 00:42:23, MOVE, v:1, k:poo@charger, mode:PICK
2025-10-28 00:42:24, EXEC, v:1, k:poo@charger, mode:FULL, rate:0
2025-10-28 00:42:24, MOVE, v:1, k:poo@charger, mode:BACK
2025-10-28 00:42:25, MOVE, v:1, k:poo@tamagotchi, mode:PICK
2025-10-28 00:42:26, EXEC, v:1, k:poo@tamagotchi, mode:FULL, rate:0, size:90
2025-10-28 00:42:26, MOVE, v:1, k:poo@tamagotchi, mode:BACK
2025-10-28 00:42:27, MOVE, v:1, k:poo@tamagotchi, mode:PICK
2025-10-28 00:42:27, EXEC, v:1, k:poo@tamagotchi, mode:FULL, rate:0
2025-10-28 00:42:27, EXEC, v:1, k:poo@tamagotchi, mode:FULL, rate:0
2025-10-28 00:42:27, EXEC, v:1, k:poo@tamagotchi, mode:FULL, rate:0
2025-10-28 00:42:28, EXEC, v:1, k:poo@tamagotchi, mode:FULL, rate:0
2025-10-28 00:42:28, EXEC, v:1, k:poo@tamagotchi, mode:FULL, rate:0
2025-10-28 00:42:28, EXEC, v:1, k:poo@tamagotchi, mode:FULL, rate:0
2025-10-28 00:42:28, EXEC, v:1, k:poo@tamagotchi, mode:FULL, rate:0
2025-10-28 00:42:28, EXEC, v:1, k:poo@tamagotchi, mode:FULL, rate:0
2025-10-28 00:42:29, EXEC, v:1, k:poo@tamagotchi, mode:FULL, rate:0
2025-10-28 00:42:29, MOVE, v:1, k:poo@tamagotchi, mode:BACK
2025-10-28 00:43:23, MOVE, v:1, k:poo@tamagotchi, mode:PICK
2025-10-28 00:43:23, EXEC, v:1, k:poo@tamagotchi, mode:FULL, rate:0, size:93
2025-10-28 00:43:23, MOVE, v:1, k:poo@tamagotchi, mode:BACK
2025-10-28 00:46:42, MOVE, v:1, k:poo@tamagotchi, mode:PICK
2025-10-28 00:46:42, EXEC, v:1, k:poo@tamagotchi, mode:FULL, rate:0, size:95
2025-10-28 00:46:42, MOVE, v:1, k:poo@tamagotchi, mode:BACK
2025-10-28 00:47:05, MOVE, v:1, k:poo@tamagotchi, mode:PICK
2025-10-28 00:47:05, EXEC, v:1, k:poo@tamagotchi, mode:FULL, rate:0, size:95
2025-10-28 00:47:05, MOVE, v:1, k:poo@tamagotchi, mode:BACK
2025-10-28 00:47:16, MOVE, v:1, k:poo@charger, mode:PICK
2025-10-28 00:47:30, MOVE, v:1, k:poo@charger, mode:BACK
2025-10-28 00:47:31, MOVE, v:1, k:poo@charger, mode:PICK
2025-10-28 00:47:32, EXEC, v:1, k:poo@charger, mode:FULL, rate:0, size:8
2025-10-28 00:47:32, MOVE, v:1, k:poo@charger, mode:BACK
2025-10-28 00:48:29, MOVE, v:1, k:poo@charger, mode:PICK
2025-10-28 00:48:29, EXEC, v:1, k:poo@charger, mode:FULL, rate:0, size:7
2025-10-28 00:48:29, MOVE, v:1, k:poo@charger, mode:BACK
2025-10-28 00:48:30, MOVE, v:1, k:poo@tamagotchi, mode:PICK
2025-10-28 00:48:31, EXEC, v:1, k:poo@tamagotchi, mode:FULL, rate:0
2025-10-28 00:48:31, MOVE, v:1, k:poo@tamagotchi, mode:BACK
2025-10-28 00:48:32, MOVE, v:1, k:poo@tamagotchi, mode:PICK
2025-10-28 00:48:32, EXEC, v:1, k:poo@tamagotchi, mode:FULL, rate:0
2025-10-28 00:48:33, MOVE, v:1, k:poo@tamagotchi, mode:BACK
2025-10-28 00:50:07, MOVE, v:1, k:poo@tamagotchi, mode:PICK
2025-10-28 00:50:07, EXEC, v:1, k:poo@tamagotchi, mode:FULL, rate:0
2025-10-28 00:50:07, MOVE, v:1, k:poo@tamagotchi, mode:BACK
2025-10-28 00:50:42, MOVE, v:1, k:poo@tamagotchi, mode:PICK
2025-10-28 00:50:42, EXEC, v:1, k:poo@tamagotchi, mode:FULL, rate:0, size:98
2025-10-28 00:50:42, MOVE, v:1, k:poo@tamagotchi, mode:BACK
2025-10-28 00:51:37, MOVE, v:1, k:poo@charger, mode:PICK
2025-10-28 00:51:37, EXEC, v:1, k:poo@charger, mode:FULL, rate:0
2025-10-28 00:51:37, MOVE, v:1, k:poo@charger, mode:BACK
2025-10-28 00:52:21, MOVE, v:1, k:poo@tamagotchi, mode:PICK
2025-10-28 00:52:21, EXEC, v:1, k:poo@tamagotchi, mode:FULL, rate:0
2025-10-28 00:52:22, MOVE, v:1, k:poo@tamagotchi, mode:BACK
2025-10-28 00:52:35, MOVE, v:1, k:poo@tamagotchi, mode:PICK
2025-10-28 00:52:35, EXEC, v:1, k:poo@tamagotchi, mode:FULL, rate:0, size:100
2025-10-28 00:52:35, MOVE, v:1, k:poo@tamagotchi, mode:BACK
2025-10-28 00:53:01, MOVE, v:1, k:poo@tamagotchi, mode:PICK
2025-10-28 00:53:01, EXEC, v:1, k:poo@tamagotchi, mode:FULL, rate:0, size:101
2025-10-28 00:53:01, MOVE, v:1, k:poo@tamagotchi, mode:BACK
2025-10-28 00:53:03, MOVE, v:1, k:poo@tamagotchi, mode:PICK
2025-10-28 00:53:03, EXEC, v:1, k:poo@tamagotchi, mode:FULL, rate:0
2025-10-28 00:53:03, MOVE, v:1, k:poo@tamagotchi, mode:BACK
2025-10-28 00:56:09, MOVE, v:1, k:poo@tamagotchi, mode:PICK
2025-10-28 00:56:10, EXEC, v:1, k:poo@tamagotchi, mode:FULL, rate:0
2025-10-28 00:56:11, MOVE, v:1, k:poo@tamagotchi, mode:BACK
2025-10-28 01:02:12, MOVE, v:1, k:poo@tamagotchi, mode:PICK
2025-10-28 01:02:12, EXEC, v:1, k:poo@tamagotchi, mode:FULL, rate:0, size:102
2025-10-28 01:02:13, MOVE, v:1, k:poo@tamagotchi, mode:BACK
2025-10-28 01:04:44, MOVE, v:1, k:poo@tamagotchi, mode:PICK
2025-10-28 01:04:44, EXEC, v:1, k:poo@tamagotchi, mode:FULL, rate:0, size:106
2025-10-28 01:04:44, MOVE, v:1, k:poo@tamagotchi, mode:BACK
2025-10-28 01:04:56, MOVE, v:1, k:poo@charger, mode:PICK
2025-10-28 01:04:56, EXEC, v:1, k:poo@charger, mode:FULL, rate:0
2025-10-28 01:04:56, MOVE, v:1, k:poo@charger, mode:BACK
2025-10-28 01:06:19, MOVE, v:1, k:poo@tamagotchi, mode:PICK
2025-10-28 01:06:20, EXEC, v:1, k:poo@tamagotchi, mode:FULL, rate:0, size:111
2025-10-28 01:06:20, MOVE, v:1, k:poo@tamagotchi, mode:BACK
2025-10-28 01:06:21, MOVE, v:1, k:poo@tamagotchi, mode:PICK
2025-10-28 01:06:21, EXEC, v:1, k:poo@tamagotchi, mode:FULL, rate:0
2025-10-28 01:06:21, MOVE, v:1, k:poo@tamagotchi, mode:BACK
2025-10-28 01:07:51, MOVE, v:1, k:poo@tamagotchi, mode:PICK
2025-10-28 01:07:52, EXEC, v:1, k:poo@tamagotchi, mode:FULL, rate:0
2025-10-28 01:07:52, MOVE, v:1, k:poo@tamagotchi, mode:BACK
2025-10-28 01:10:44, MOVE, v:1, k:poo@tamagotchi, mode:PICK
2025-10-28 01:10:44, EXEC, v:1, k:poo@tamagotchi, mode:FULL, rate:0, size:119
2025-10-28 01:10:44, MOVE, v:1, k:poo@tamagotchi, mode:BACK
2025-10-28 01:10:45, MOVE, v:1, k:poo@tamagotchi, mode:PICK
2025-10-28 01:10:45, EXEC, v:1, k:poo@tamagotchi, mode:FULL, rate:0
2025-10-28 01:10:46, MOVE, v:1, k:poo@tamagotchi, mode:BACK
2025-10-28 01:11:03, MOVE, v:1, k:poo@tamagotchi, mode:PICK
2025-10-28 01:11:03, EXEC, v:1, k:poo@tamagotchi, mode:FULL, rate:0, size:128
2025-10-28 01:11:03, MOVE, v:1, k:poo@tamagotchi, mode:BACK
2025-10-28 01:12:44, MOVE, v:1, k:poo@tamagotchi, mode:PICK
2025-10-28 01:12:44, EXEC, v:1, k:poo@tamagotchi, mode:FULL, rate:0
2025-10-28 01:12:44, MOVE, v:1, k:poo@tamagotchi, mode:BACK
2025-10-28 01:12:50, MOVE, v:1, k:poo@tamagotchi, mode:PICK
2025-10-28 01:12:50, EXEC, v:1, k:poo@tamagotchi, mode:FULL, rate:0, size:128
2025-10-28 01:13:03, EXEC, v:1, k:poo@tamagotchi, mode:FULL, rate:0, size:128
2025-10-28 01:13:03, EXEC, v:1, k:poo@tamagotchi, mode:FULL, rate:0, size:128
2025-10-28 01:14:20, EXEC, v:1, k:poo@tamagotchi, mode:FULL, rate:12, size:128
2025-10-28 01:14:20, EXEC, v:1, k:poo@tamagotchi, mode:FULL, rate:12, size:128
2025-10-28 01:14:24, EXEC, v:1, k:poo@tamagotchi, mode:FULL, rate:12, size:128
2025-10-28 01:14:24, EXEC, v:1, k:poo@tamagotchi, mode:FULL, rate:12
2025-10-28 01:14:25, EXEC, v:1, k:poo@tamagotchi, mode:FULL, rate:12
2025-10-28 01:14:25, EXEC, v:1, k:poo@tamagotchi, mode:FULL, rate:12
2025-10-28 01:16:42, EXEC, v:1, k:poo@tamagotchi, mode:FULL, rate:100, size:128
2025-10-28 01:16:42, EXEC, v:1, k:poo@tamagotchi, mode:FULL, rate:100, size:128
2025-10-28 01:16:45, MOVE, v:1, k:poo@tamagotchi, mode:BACK
2025-10-28 01:16:52, SELF, v:1, k:poo@tamagotchi, rate:100, alone:10
